# JRE version: OpenJDK Runtime Environment (21.0.2+13) (build 21.0.2+13-58)
# Java VM: OpenJDK 64-Bit Server VM (21.0.2+13-58, mixed mode, sharing, tiered, compressed oops, compressed class ptrs, g1 gc, windows-amd64)
GC Precious Log:
 CardTable entry size: 512
 Card Set container configuration: InlinePtr #cards 4 size 8 Array Of Cards #cards 32 size 80 Howl #buckets 8 coarsen threshold 7372 Howl Bitmap #cards 1024 size 144 coarsen threshold 921 Card regions per heap region 1 cards per card region 8192
 CPUs: 20 total, 20 available
 Memory: 32492M
 Large Page Support: Disabled
 NUMA Support: Disabled
 Compressed Oops: Enabled (Zero based)
 Heap Region Size: 4M
 Heap Min Capacity: 8M
 Heap Initial Capacity: 508M
 Heap Max Capacity: 8124M
 Pre-touch: Disabled
 Parallel Workers: 15
 Concurrent Workers: 4
 Concurrent Refinement Workers: 15
 Periodic GC: Disabled
Heap:
 garbage-first heap   total 94208K, used 63341K [0x0000000604400000, 0x0000000800000000)
  region size 4096K, 7 young (28672K), 1 survivors (4096K)
 Metaspace       used 30670K, committed 31104K, reserved 1114112K
  class space    used 4363K, committed 4544K, reserved 1048576K
GC Heap History (14 events):
Event: 0.500 GC heap before
{Heap before GC invocations=0 (full 0):
 garbage-first heap   total 520192K, used 20480K [0x0000000604400000, 0x0000000800000000)
  region size 4096K, 6 young (24576K), 0 survivors (0K)
 Metaspace       used 3592K, committed 3776K, reserved 1114112K
  class space    used 367K, committed 448K, reserved 1048576K
}
Event: 0.502 GC heap after
{Heap after GC invocations=1 (full 0):
 garbage-first heap   total 520192K, used 2487K [0x0000000604400000, 0x0000000800000000)
  region size 4096K, 1 young (4096K), 1 survivors (4096K)
 Metaspace       used 3592K, committed 3776K, reserved 1114112K
  class space    used 367K, committed 448K, reserved 1048576K
}
Event: 0.852 GC heap before
{Heap before GC invocations=1 (full 0):
 garbage-first heap   total 520192K, used 39351K [0x0000000604400000, 0x0000000800000000)
  region size 4096K, 11 young (45056K), 1 survivors (4096K)
 Metaspace       used 12766K, committed 12992K, reserved 1114112K
  class space    used 1629K, committed 1728K, reserved 1048576K
}
Event: 0.855 GC heap after
{Heap after GC invocations=2 (full 0):
 garbage-first heap   total 520192K, used 8190K [0x0000000604400000, 0x0000000800000000)
  region size 4096K, 2 young (8192K), 2 survivors (8192K)
 Metaspace       used 12766K, committed 12992K, reserved 1114112K
  class space    used 1629K, committed 1728K, reserved 1048576K
}
Event: 2.001 GC heap before
{Heap before GC invocations=2 (full 0):
 garbage-first heap   total 520192K, used 45054K [0x0000000604400000, 0x0000000800000000)
  region size 4096K, 13 young (53248K), 2 survivors (8192K)
 Metaspace       used 21208K, committed 21504K, reserved 1114112K
  class space    used 3067K, committed 3200K, reserved 1048576K
}
Event: 2.006 GC heap after
{Heap after GC invocations=3 (full 0):
 garbage-first heap   total 520192K, used 14213K [0x0000000604400000, 0x0000000800000000)
  region size 4096K, 3 young (12288K), 3 survivors (12288K)
 Metaspace       used 21208K, committed 21504K, reserved 1114112K
  class space    used 3067K, committed 3200K, reserved 1048576K
}
Event: 5.127 GC heap before
{Heap before GC invocations=4 (full 0):
 garbage-first heap   total 69632K, used 63365K [0x0000000604400000, 0x0000000800000000)
  region size 4096K, 16 young (65536K), 3 survivors (12288K)
 Metaspace       used 27906K, committed 28288K, reserved 1114112K
  class space    used 4093K, committed 4288K, reserved 1048576K
}
Event: 5.133 GC heap after
{Heap after GC invocations=5 (full 0):
 garbage-first heap   total 94208K, used 26849K [0x0000000604400000, 0x0000000800000000)
  region size 4096K, 6 young (24576K), 6 survivors (24576K)
 Metaspace       used 27906K, committed 28288K, reserved 1114112K
  class space    used 4093K, committed 4288K, reserved 1048576K
}
Event: 5.255 GC heap before
{Heap before GC invocations=5 (full 0):
 garbage-first heap   total 94208K, used 55521K [0x0000000604400000, 0x0000000800000000)
  region size 4096K, 13 young (53248K), 6 survivors (24576K)
 Metaspace       used 28275K, committed 28672K, reserved 1114112K
  class space    used 4115K, committed 4288K, reserved 1048576K
}
Event: 5.264 GC heap after
{Heap after GC invocations=6 (full 0):
 garbage-first heap   total 94208K, used 32023K [0x0000000604400000, 0x0000000800000000)
  region size 4096K, 2 young (8192K), 2 survivors (8192K)
 Metaspace       used 28275K, committed 28672K, reserved 1114112K
  class space    used 4115K, committed 4288K, reserved 1048576K
}
Event: 8.363 GC heap before
{Heap before GC invocations=6 (full 0):
 garbage-first heap   total 94208K, used 60695K [0x0000000604400000, 0x0000000800000000)
  region size 4096K, 10 young (40960K), 2 survivors (8192K)
 Metaspace       used 29174K, committed 29568K, reserved 1114112K
  class space    used 4156K, committed 4352K, reserved 1048576K
}
Event: 8.368 GC heap after
{Heap after GC invocations=7 (full 0):
 garbage-first heap   total 94208K, used 41924K [0x0000000604400000, 0x0000000800000000)
  region size 4096K, 2 young (8192K), 2 survivors (8192K)
 Metaspace       used 29174K, committed 29568K, reserved 1114112K
  class space    used 4156K, committed 4352K, reserved 1048576K
}
Event: 47.702 GC heap before
{Heap before GC invocations=7 (full 0):
 garbage-first heap   total 94208K, used 62404K [0x0000000604400000, 0x0000000800000000)
  region size 4096K, 8 young (32768K), 2 survivors (8192K)
 Metaspace       used 30527K, committed 30976K, reserved 1114112K
  class space    used 4362K, committed 4544K, reserved 1048576K
}
Event: 47.706 GC heap after
{Heap after GC invocations=8 (full 0):
 garbage-first heap   total 94208K, used 46957K [0x0000000604400000, 0x0000000800000000)
  region size 4096K, 1 young (4096K), 1 survivors (4096K)
 Metaspace       used 30527K, committed 30976K, reserved 1114112K
  class space    used 4362K, committed 4544K, reserved 1048576K
}

